Using pre-set license
Built from '2020.3/staging' branch; Version is '2020.3.16f1 (049d6eca3c44) revision 302446'; Using compiler version '192528614'; Build Type 'Release'
OS: 'Windows 10 Home; OS build 22000.258; Version 2009; 64bit' Language: 'en' Physical Memory: 32353 MB
BatchMode: 1, IsHumanControllingUs: 0, StartBugReporterOnCrash: 0, Is64bit: 1, IsPro: 0

 COMMAND LINE ARGUMENTS:
C:\Program Files\Unity\Hub\Editor\2020.3.16f1\Editor\Unity.exe
-adb2
-batchMode
-noUpm
-name
AssetImportWorker0
-projectPath
C:/Users/hayde/Documents/GitHub/ITC_110_FinalProject/LightCycle
-logFile
Logs/AssetImportWorker0.log
-srvPort
54340
Successfully changed project path to: C:/Users/hayde/Documents/GitHub/ITC_110_FinalProject/LightCycle
C:/Users/hayde/Documents/GitHub/ITC_110_FinalProject/LightCycle
Using Asset Import Pipeline V2.
Refreshing native plugins compatible for Editor in 155.50 ms, found 3 plugins.
Preloading 0 native plugins for Editor in 0.00 ms.
Initialize engine version: 2020.3.16f1 (049d6eca3c44)
[Subsystems] Discovering subsystems at path C:/Program Files/Unity/Hub/Editor/2020.3.16f1/Editor/Data/Resources/UnitySubsystems
[Subsystems] Discovering subsystems at path C:/Users/hayde/Documents/GitHub/ITC_110_FinalProject/LightCycle/Assets
GfxDevice: creating device client; threaded=0
Direct3D:
    Version:  Direct3D 11.0 [level 11.1]
    Renderer: Intel(R) Iris(R) Plus Graphics (ID=0x8a52)
    Vendor:   
    VRAM:     16176 MB
    Driver:   27.20.100.9621
Shader 'Universal Render Pipeline/Particles/Lit': fallback shader 'Universal Render Pipeline/Particles/SimpleLit' not found
Initialize mono
Mono path[0] = 'C:/Program Files/Unity/Hub/Editor/2020.3.16f1/Editor/Data/Managed'
Mono path[1] = 'C:/Program Files/Unity/Hub/Editor/2020.3.16f1/Editor/Data/MonoBleedingEdge/lib/mono/unityjit'
Mono config path = 'C:/Program Files/Unity/Hub/Editor/2020.3.16f1/Editor/Data/MonoBleedingEdge/etc'
Using monoOptions --debugger-agent=transport=dt_socket,embedding=1,server=y,suspend=n,address=127.0.0.1:56852
Begin MonoManager ReloadAssembly
Registering precompiled unity dll's ...
Register platform support module: C:/Program Files/Unity/Hub/Editor/2020.3.16f1/Editor/Data/PlaybackEngines/WebGLSupport/UnityEditor.WebGL.Extensions.dll
Register platform support module: C:/Program Files/Unity/Hub/Editor/2020.3.16f1/Editor/Data/PlaybackEngines/WindowsStandaloneSupport/UnityEditor.WindowsStandalone.Extensions.dll
Registered in 0.004350 seconds.
Native extension for WindowsStandalone target not found
Native extension for WebGL target not found
Refreshing native plugins compatible for Editor in 113.28 ms, found 3 plugins.
Preloading 0 native plugins for Editor in 0.00 ms.
Mono: successfully reloaded assembly
- Completed reload, in  2.686 seconds
Domain Reload Profiling:
	ReloadAssembly (2687ms)
		BeginReloadAssembly (121ms)
			ExecutionOrderSort (0ms)
			DisableScriptedObjects (0ms)
			BackupInstance (0ms)
			ReleaseScriptingObjects (0ms)
			CreateAndSetChildDomain (2ms)
		EndReloadAssembly (906ms)
			LoadAssemblies (120ms)
			RebuildTransferFunctionScriptingTraits (0ms)
			SetupTypeCache (325ms)
			ReleaseScriptCaches (0ms)
			RebuildScriptCaches (88ms)
			SetupLoadedEditorAssemblies (351ms)
				LogAssemblyErrors (0ms)
				InitializePlatformSupportModulesInManaged (7ms)
				SetLoadedEditorAssemblies (0ms)
				RefreshPlugins (113ms)
				BeforeProcessingInitializeOnLoad (23ms)
				ProcessInitializeOnLoadAttributes (155ms)
				ProcessInitializeOnLoadMethodAttributes (52ms)
				AfterProcessingInitializeOnLoad (0ms)
				EditorAssembliesLoaded (0ms)
			ExecutionOrderSort2 (0ms)
			AwakeInstancesAfterBackupRestoration (0ms)
Platform modules already initialized, skipping
Registering precompiled user dll's ...
Registered in 0.005197 seconds.
Begin MonoManager ReloadAssembly
Native extension for WindowsStandalone target not found
Native extension for WebGL target not found
Refreshing native plugins compatible for Editor in 86.98 ms, found 3 plugins.
Preloading 0 native plugins for Editor in 0.00 ms.
Mono: successfully reloaded assembly
- Completed reload, in  2.440 seconds
Domain Reload Profiling:
	ReloadAssembly (2442ms)
		BeginReloadAssembly (239ms)
			ExecutionOrderSort (0ms)
			DisableScriptedObjects (8ms)
			BackupInstance (0ms)
			ReleaseScriptingObjects (0ms)
			CreateAndSetChildDomain (27ms)
		EndReloadAssembly (2103ms)
			LoadAssemblies (154ms)
			RebuildTransferFunctionScriptingTraits (0ms)
			SetupTypeCache (759ms)
			ReleaseScriptCaches (1ms)
			RebuildScriptCaches (163ms)
			SetupLoadedEditorAssemblies (750ms)
				LogAssemblyErrors (0ms)
				InitializePlatformSupportModulesInManaged (8ms)
				SetLoadedEditorAssemblies (0ms)
				RefreshPlugins (87ms)
				BeforeProcessingInitializeOnLoad (170ms)
				ProcessInitializeOnLoadAttributes (454ms)
				ProcessInitializeOnLoadMethodAttributes (23ms)
				AfterProcessingInitializeOnLoad (7ms)
				EditorAssembliesLoaded (0ms)
			ExecutionOrderSort2 (0ms)
			AwakeInstancesAfterBackupRestoration (9ms)
Platform modules already initialized, skipping
========================================================================
Worker process is ready to serve import requests
Shader 'Universal Render Pipeline/Particles/Lit': fallback shader 'Universal Render Pipeline/Particles/SimpleLit' not found
Launched and connected shader compiler UnityShaderCompiler.exe after 0.13 seconds
Refreshing native plugins compatible for Editor in 0.77 ms, found 3 plugins.
Preloading 0 native plugins for Editor in 0.00 ms.
Unloading 3237 Unused Serialized files (Serialized files now loaded: 0)
System memory in use before: 142.2 MB.
System memory in use after: 142.4 MB.

Unloading 28 unused Assets to reduce memory usage. Loaded Objects now: 3677.
Total: 5.329900 ms (FindLiveObjects: 0.299900 ms CreateObjectMapping: 0.231000 ms MarkObjects: 4.622000 ms  DeleteObjects: 0.175000 ms)

AssetImportParameters requested are different than current active one (requested -> active):
  custom:framework-win-MediaFoundation: 216162199b28c13a410421893ffa2e32 -> 
  custom:video-decoder-ogg-theora: a1e56fd34408186e4bbccfd4996cb3dc -> 
  custom:container-muxer-webm: aa71ff27fc2769a1b78a27578f13a17b -> 
  custom:container-demuxer-webm: 4f35f7cbe854078d1ac9338744f61a02 -> 
  custom:container-demuxer-ogg: 62fdf1f143b41e24485cea50d1cbac27 -> 
  custom:video-encoder-webm-vp8: eb34c28f22e8b96e1ab97ce403110664 -> 
  custom:video-codec-MediaFoundation-h265: 746d11721c4dcdbdad8f713fa42b33f4 -> 
  custom:video-decoder-webm-vp8: 9c59270c3fd7afecdb556c50c9e8de78 -> 
  custom:audio-decoder-ogg-vorbis: bf7c407c2cedff20999df2af8eb42d56 -> 
  custom:audio-encoder-webm-vorbis: bf7c407c2cedff20999df2af8eb42d56 -> 
========================================================================
Received Import Request.
  path: Packages/com.unity.2d.sprite/Editor/ObjectMenuCreation/DefaultAssets/Textures/Circle.png
  artifactKey: Guid(ebe73ca9363db456bacf42c025bb4847) Importer(815301076,1909f56bfc062723c751e8b465ee728b)
Start importing Packages/com.unity.2d.sprite/Editor/ObjectMenuCreation/DefaultAssets/Textures/Circle.png using Guid(ebe73ca9363db456bacf42c025bb4847) Importer(815301076,1909f56bfc062723c751e8b465ee728b)  -> (artifact id: 'fe4abff818cc49f70626441d6eab48d2') in 0.184484 seconds 
  Import took 0.194332 seconds .

========================================================================
Received Import Request.
  Time since last request: 0.328363 seconds.
  path: Packages/com.unity.2d.sprite/Editor/ObjectMenuCreation/DefaultAssets/Textures/Circle.png
  artifactKey: Guid(ebe73ca9363db456bacf42c025bb4847) Importer(815301076,1909f56bfc062723c751e8b465ee728b)
Start importing Packages/com.unity.2d.sprite/Editor/ObjectMenuCreation/DefaultAssets/Textures/Circle.png using Guid(ebe73ca9363db456bacf42c025bb4847) Importer(815301076,1909f56bfc062723c751e8b465ee728b)  -> (artifact id: 'fe4abff818cc49f70626441d6eab48d2') in 0.022184 seconds 
  Import took 0.033000 seconds .

========================================================================
Received Import Request.
  Time since last request: 94.113290 seconds.
  path: Assets/Scenes/SampleSceneLightingSettings.lighting
  artifactKey: Guid(477cc4148fad3449482a3bc3178594e2) Importer(815301076,1909f56bfc062723c751e8b465ee728b)
Start importing Assets/Scenes/SampleSceneLightingSettings.lighting using Guid(477cc4148fad3449482a3bc3178594e2) Importer(815301076,1909f56bfc062723c751e8b465ee728b)  -> (artifact id: '4a26a52e718306fba651ad1c5ff177c0') in 0.024817 seconds 
  Import took 0.039568 seconds .

========================================================================
Received Import Request.
  Time since last request: 0.002362 seconds.
  path: Assets/Scenes/SampleSceneLightingSettings.lighting
  artifactKey: Guid(477cc4148fad3449482a3bc3178594e2) Importer(815301076,1909f56bfc062723c751e8b465ee728b)
Start importing Assets/Scenes/SampleSceneLightingSettings.lighting using Guid(477cc4148fad3449482a3bc3178594e2) Importer(815301076,1909f56bfc062723c751e8b465ee728b)  -> (artifact id: '4a26a52e718306fba651ad1c5ff177c0') in 0.007137 seconds 
  Import took 0.016661 seconds .

========================================================================
Received Import Request.
  Time since last request: 2.697274 seconds.
  path: Assets/Scenes/SampleScene.unity
  artifactKey: Guid(d1c3109bdb54ad54c8a2b2838528e640) Importer(815301076,1909f56bfc062723c751e8b465ee728b)
Start importing Assets/Scenes/SampleScene.unity using Guid(d1c3109bdb54ad54c8a2b2838528e640) Importer(815301076,1909f56bfc062723c751e8b465ee728b)  -> (artifact id: 'f4c2b58c3ab660f6b5d06e20d893eb3f') in 0.018880 seconds 
  Import took 0.030054 seconds .

========================================================================
Received Import Request.
  Time since last request: 32.086142 seconds.
  path: Assets/Materials/Skybox_Mat.mat
  artifactKey: Guid(0ffaa0b7117ba8c47a9d05ae701d4b4d) Importer(815301076,1909f56bfc062723c751e8b465ee728b)
Start importing Assets/Materials/Skybox_Mat.mat using Guid(0ffaa0b7117ba8c47a9d05ae701d4b4d) Importer(815301076,1909f56bfc062723c751e8b465ee728b)  -> (artifact id: '4d54ab3375f41efad00566dcae11def2') in 0.289619 seconds 
  Import took 0.298572 seconds .

========================================================================
Received Import Request.
  Time since last request: 10.953065 seconds.
  path: Assets/ExampleAssets/Materials
  artifactKey: Guid(ffd318dbb37362c4f8d87863d082b2fd) Importer(815301076,1909f56bfc062723c751e8b465ee728b)
Start importing Assets/ExampleAssets/Materials using Guid(ffd318dbb37362c4f8d87863d082b2fd) Importer(815301076,1909f56bfc062723c751e8b465ee728b)  -> (artifact id: '8c827434803c10ce0ff8cbab2830a63c') in 0.023567 seconds 
  Import took 0.034324 seconds .

========================================================================
Received Import Request.
  Time since last request: 0.133318 seconds.
  path: Assets/ExampleAssets/Materials/ConstructionLight_Mat.mat
  artifactKey: Guid(49076442eeb7e054b8e8869f8b40656d) Importer(815301076,1909f56bfc062723c751e8b465ee728b)
Start importing Assets/ExampleAssets/Materials/ConstructionLight_Mat.mat using Guid(49076442eeb7e054b8e8869f8b40656d) Importer(815301076,1909f56bfc062723c751e8b465ee728b)  -> (artifact id: '057c629e9591e646e979d0fd0d9eba29') in 0.638094 seconds 
  Import took 0.648685 seconds .

========================================================================
Received Import Request.
  Time since last request: 0.000355 seconds.
  path: Assets/ExampleAssets/Materials/DryWall_Mat.mat
  artifactKey: Guid(a68228c24abfa2f4b8954d7b0148f799) Importer(815301076,1909f56bfc062723c751e8b465ee728b)
Start importing Assets/ExampleAssets/Materials/DryWall_Mat.mat using Guid(a68228c24abfa2f4b8954d7b0148f799) Importer(815301076,1909f56bfc062723c751e8b465ee728b)  -> (artifact id: '6b1d94bab502ca3021b8842519c6e122') in 0.602462 seconds 
  Import took 0.611320 seconds .

========================================================================
Received Import Request.
  Time since last request: 0.000397 seconds.
  path: Assets/ExampleAssets/Materials/Strap_Mat.mat
  artifactKey: Guid(81c1860e7800e5340bf8a54c565ba9ea) Importer(815301076,1909f56bfc062723c751e8b465ee728b)
Start importing Assets/ExampleAssets/Materials/Strap_Mat.mat using Guid(81c1860e7800e5340bf8a54c565ba9ea) Importer(815301076,1909f56bfc062723c751e8b465ee728b)  -> (artifact id: 'a542234631127ea0c107d7d268657760') in 0.498830 seconds 
  Import took 0.506955 seconds .

========================================================================
Received Import Request.
  Time since last request: 0.000337 seconds.
  path: Assets/ExampleAssets/Materials/Plastic_Rough_Mat.mat
  artifactKey: Guid(a5aaee4111611af43b5abbff184fe5fa) Importer(815301076,1909f56bfc062723c751e8b465ee728b)
Start importing Assets/ExampleAssets/Materials/Plastic_Rough_Mat.mat using Guid(a5aaee4111611af43b5abbff184fe5fa) Importer(815301076,1909f56bfc062723c751e8b465ee728b)  -> (artifact id: 'fe4d08b544b44bbbf01fdafd95ff430a') in 0.029172 seconds 
  Import took 0.038952 seconds .

========================================================================
Received Import Request.
  Time since last request: 0.000513 seconds.
  path: Assets/ExampleAssets/Materials/Ground_Mat.mat
  artifactKey: Guid(d92ef32394b5f474385d74b565a7bdd7) Importer(815301076,1909f56bfc062723c751e8b465ee728b)
Start importing Assets/ExampleAssets/Materials/Ground_Mat.mat using Guid(d92ef32394b5f474385d74b565a7bdd7) Importer(815301076,1909f56bfc062723c751e8b465ee728b)  -> (artifact id: '464ecfb875d680da63be4f88529f4394') in 0.041309 seconds 
  Import took 0.053738 seconds .

========================================================================
Received Import Request.
  Time since last request: 0.000440 seconds.
  path: Assets/ExampleAssets/Materials/Metal_Simple_Mat.mat
  artifactKey: Guid(a0427cf339e5891468d5f2b433b2d44a) Importer(815301076,1909f56bfc062723c751e8b465ee728b)
Start importing Assets/ExampleAssets/Materials/Metal_Simple_Mat.mat using Guid(a0427cf339e5891468d5f2b433b2d44a) Importer(815301076,1909f56bfc062723c751e8b465ee728b)  -> (artifact id: 'ed8fef95f5cf1ab691e96a9fc0590164') in 0.473492 seconds 
  Import took 0.484098 seconds .

========================================================================
Received Import Request.
  Time since last request: 0.000497 seconds.
  path: Assets/ExampleAssets/Materials/Plastic_Transparent.mat
  artifactKey: Guid(8a38b7350df9a9c438e568993a00e5c5) Importer(815301076,1909f56bfc062723c751e8b465ee728b)
Start importing Assets/ExampleAssets/Materials/Plastic_Transparent.mat using Guid(8a38b7350df9a9c438e568993a00e5c5) Importer(815301076,1909f56bfc062723c751e8b465ee728b)  -> (artifact id: 'aa88e47cc5ed2495feca365ac46df73c') in 0.478135 seconds 
  Import took 0.487409 seconds .

========================================================================
Received Import Request.
  Time since last request: 0.000568 seconds.
  path: Assets/ExampleAssets/Materials/Jigsaw_Mat.mat
  artifactKey: Guid(801db2d997a562b4ea333aa4593ce0f0) Importer(815301076,1909f56bfc062723c751e8b465ee728b)
Start importing Assets/ExampleAssets/Materials/Jigsaw_Mat.mat using Guid(801db2d997a562b4ea333aa4593ce0f0) Importer(815301076,1909f56bfc062723c751e8b465ee728b)  -> (artifact id: '8c2c3e8b482bfe7692597efc101f542e') in 0.054513 seconds 
  Import took 0.066559 seconds .

========================================================================
Received Import Request.
  Time since last request: 0.000542 seconds.
  path: Assets/ExampleAssets/Materials/Hammer_Mat.mat
  artifactKey: Guid(4efcffd7ae23f1e41943fd914b18da10) Importer(815301076,1909f56bfc062723c751e8b465ee728b)
Start importing Assets/ExampleAssets/Materials/Hammer_Mat.mat using Guid(4efcffd7ae23f1e41943fd914b18da10) Importer(815301076,1909f56bfc062723c751e8b465ee728b)  -> (artifact id: 'e35e9c0d8e130d6ff509af1a613494d7') in 0.057547 seconds 
  Import took 0.072207 seconds .

========================================================================
Received Import Request.
  Time since last request: 0.000547 seconds.
  path: Assets/ExampleAssets/Materials/Plastic_Yellow_Mat.mat
  artifactKey: Guid(bd2d742ee2ce7a740ae0cf992a38be74) Importer(815301076,1909f56bfc062723c751e8b465ee728b)
Start importing Assets/ExampleAssets/Materials/Plastic_Yellow_Mat.mat using Guid(bd2d742ee2ce7a740ae0cf992a38be74) Importer(815301076,1909f56bfc062723c751e8b465ee728b)  -> (artifact id: 'b4a82a5da02497828fc2c902b30e60d5') in 0.046896 seconds 
  Import took 0.057968 seconds .

========================================================================
Received Import Request.
  Time since last request: 0.000459 seconds.
  path: Assets/ExampleAssets/Materials/Plastic_Gray_Mat.mat
  artifactKey: Guid(4dad30bbe2213eb4d8312f7bb6190866) Importer(815301076,1909f56bfc062723c751e8b465ee728b)
Start importing Assets/ExampleAssets/Materials/Plastic_Gray_Mat.mat using Guid(4dad30bbe2213eb4d8312f7bb6190866) Importer(815301076,1909f56bfc062723c751e8b465ee728b)  -> (artifact id: '54ab71af590679b32677dc30ed226a51') in 0.035801 seconds 
  Import took 0.047566 seconds .

========================================================================
Received Import Request.
  Time since last request: 0.000383 seconds.
  path: Assets/ExampleAssets/Materials/PaintLabel_Mat.mat
  artifactKey: Guid(3da4aad06945bbf4baf801c2aacbc01e) Importer(815301076,1909f56bfc062723c751e8b465ee728b)
Start importing Assets/ExampleAssets/Materials/PaintLabel_Mat.mat using Guid(3da4aad06945bbf4baf801c2aacbc01e) Importer(815301076,1909f56bfc062723c751e8b465ee728b)  -> (artifact id: '8c36a7279f016c98e6c23d7bc391d33c') in 0.439599 seconds 
  Import took 0.448464 seconds .

========================================================================
Received Import Request.
  Time since last request: 0.000440 seconds.
  path: Assets/ExampleAssets/Materials/LightBulb_Mat.mat
  artifactKey: Guid(ec739259ec61f5d4ba3ed6d34fd802a6) Importer(815301076,1909f56bfc062723c751e8b465ee728b)
Start importing Assets/ExampleAssets/Materials/LightBulb_Mat.mat using Guid(ec739259ec61f5d4ba3ed6d34fd802a6) Importer(815301076,1909f56bfc062723c751e8b465ee728b)  -> (artifact id: '6ed9e64f0d16e62cbd185bf095894f5b') in 0.426678 seconds 
  Import took 0.435968 seconds .

========================================================================
Received Import Request.
  Time since last request: 0.000649 seconds.
  path: Assets/ExampleAssets/Materials/HardHat_Mat.mat
  artifactKey: Guid(e93789f0a5d66df4a81613935579642b) Importer(815301076,1909f56bfc062723c751e8b465ee728b)
Start importing Assets/ExampleAssets/Materials/HardHat_Mat.mat using Guid(e93789f0a5d66df4a81613935579642b) Importer(815301076,1909f56bfc062723c751e8b465ee728b)  -> (artifact id: 'f0451e8e4fc44c0c0ad06b480daab191') in 0.052053 seconds 
  Import took 0.064906 seconds .

========================================================================
Received Import Request.
  Time since last request: 0.000673 seconds.
  path: Assets/ExampleAssets/Materials/Plastic_Black_Mat.mat
  artifactKey: Guid(e745492728544aa488aa0429b6068e71) Importer(815301076,1909f56bfc062723c751e8b465ee728b)
Start importing Assets/ExampleAssets/Materials/Plastic_Black_Mat.mat using Guid(e745492728544aa488aa0429b6068e71) Importer(815301076,1909f56bfc062723c751e8b465ee728b)  -> (artifact id: '9ec41258e50d7b0724bce6a1b02e69ab') in 0.054828 seconds 
  Import took 0.070198 seconds .

========================================================================
Received Import Request.
  Time since last request: 0.000386 seconds.
  path: Assets/ExampleAssets/Materials/DryWallPainted_Mat.mat
  artifactKey: Guid(9b8eadc4de0544646b75ddcc43f8fd06) Importer(815301076,1909f56bfc062723c751e8b465ee728b)
Start importing Assets/ExampleAssets/Materials/DryWallPainted_Mat.mat using Guid(9b8eadc4de0544646b75ddcc43f8fd06) Importer(815301076,1909f56bfc062723c751e8b465ee728b)  -> (artifact id: 'e084f414280b96736064de24338bc225') in 0.041479 seconds 
  Import took 0.053639 seconds .

========================================================================
Received Import Request.
  Time since last request: 0.000480 seconds.
  path: Assets/ExampleAssets/Materials/Plastic_Ridges_Mat.mat
  artifactKey: Guid(c05de7c865075334786e6a47a543af72) Importer(815301076,1909f56bfc062723c751e8b465ee728b)
Start importing Assets/ExampleAssets/Materials/Plastic_Ridges_Mat.mat using Guid(c05de7c865075334786e6a47a543af72) Importer(815301076,1909f56bfc062723c751e8b465ee728b)  -> (artifact id: '867bca899d157f77d37634eafef9f1aa') in 0.038385 seconds 
  Import took 0.049471 seconds .

========================================================================
Received Import Request.
  Time since last request: 0.000462 seconds.
  path: Assets/ExampleAssets/Materials/Metal_Blue_Simple_Mat.mat
  artifactKey: Guid(cd71291c91c8cce499cb663b5db9970e) Importer(815301076,1909f56bfc062723c751e8b465ee728b)
Start importing Assets/ExampleAssets/Materials/Metal_Blue_Simple_Mat.mat using Guid(cd71291c91c8cce499cb663b5db9970e) Importer(815301076,1909f56bfc062723c751e8b465ee728b)  -> (artifact id: '91d0adbd293f6d73553ee1adc198f712') in 0.037465 seconds 
  Import took 0.049628 seconds .

========================================================================
Received Import Request.
  Time since last request: 0.000414 seconds.
  path: Assets/ExampleAssets/Materials/Paint1G_WAnim_Material.mat
  artifactKey: Guid(55c183dc45153be48a45c4e530127fb3) Importer(815301076,1909f56bfc062723c751e8b465ee728b)
Start importing Assets/ExampleAssets/Materials/Paint1G_WAnim_Material.mat using Guid(55c183dc45153be48a45c4e530127fb3) Importer(815301076,1909f56bfc062723c751e8b465ee728b)  -> (artifact id: '7b31a38aa84ec72b691f75649480a6fe') in 0.731154 seconds 
  Import took 0.741416 seconds .

========================================================================
Received Import Request.
  Time since last request: 0.000440 seconds.
  path: Assets/ExampleAssets/Materials/Plastic_White_Mat.mat
  artifactKey: Guid(6cfe423139c361a459da7ed9831d4b1c) Importer(815301076,1909f56bfc062723c751e8b465ee728b)
Start importing Assets/ExampleAssets/Materials/Plastic_White_Mat.mat using Guid(6cfe423139c361a459da7ed9831d4b1c) Importer(815301076,1909f56bfc062723c751e8b465ee728b)  -> (artifact id: '7270cf5fe7035eb4043b23a71cdca86e') in 0.037127 seconds 
  Import took 0.047513 seconds .

========================================================================
Received Import Request.
  Time since last request: 0.000431 seconds.
  path: Assets/ExampleAssets/Materials/Liquid_Mat.mat
  artifactKey: Guid(c532880e607f8c84d8b9bf0c46a522ad) Importer(815301076,1909f56bfc062723c751e8b465ee728b)
Start importing Assets/ExampleAssets/Materials/Liquid_Mat.mat using Guid(c532880e607f8c84d8b9bf0c46a522ad) Importer(815301076,1909f56bfc062723c751e8b465ee728b)  -> (artifact id: '3bf9985e948210718225141c8418d287') in 0.033029 seconds 
  Import took 0.044618 seconds .

========================================================================
Received Import Request.
  Time since last request: 0.000396 seconds.
  path: Assets/ExampleAssets/Materials/OBS_Mat.mat
  artifactKey: Guid(c438e5c679f1be040a135443008e2fce) Importer(815301076,1909f56bfc062723c751e8b465ee728b)
Start importing Assets/ExampleAssets/Materials/OBS_Mat.mat using Guid(c438e5c679f1be040a135443008e2fce) Importer(815301076,1909f56bfc062723c751e8b465ee728b)  -> (artifact id: 'efd04199af43445cb2cc288251b06194') in 0.040110 seconds 
  Import took 0.049475 seconds .

========================================================================
Received Import Request.
  Time since last request: 0.000545 seconds.
  path: Assets/ExampleAssets/Materials/PaintBrush_Mat.mat
  artifactKey: Guid(539165557a9d3744680bb21164bea45e) Importer(815301076,1909f56bfc062723c751e8b465ee728b)
Start importing Assets/ExampleAssets/Materials/PaintBrush_Mat.mat using Guid(539165557a9d3744680bb21164bea45e) Importer(815301076,1909f56bfc062723c751e8b465ee728b)  -> (artifact id: '94f8432233d9ceec849c9f270325d606') in 0.049011 seconds 
  Import took 0.058928 seconds .

========================================================================
Received Import Request.
  Time since last request: 0.000464 seconds.
  path: Assets/ExampleAssets/Materials/Stud_Mat.mat
  artifactKey: Guid(027cb3d3d7dc79d41ad763e01759de07) Importer(815301076,1909f56bfc062723c751e8b465ee728b)
Start importing Assets/ExampleAssets/Materials/Stud_Mat.mat using Guid(027cb3d3d7dc79d41ad763e01759de07) Importer(815301076,1909f56bfc062723c751e8b465ee728b)  -> (artifact id: '2fa2aecd2a25a8d8aaf6cdad1b5a242e') in 0.047640 seconds 
  Import took 0.055623 seconds .

========================================================================
Received Import Request.
  Time since last request: 35.524459 seconds.
  path: Assets/ExampleAssets
  artifactKey: Guid(990f5c2df70993f4987a388ca178996a) Importer(815301076,1909f56bfc062723c751e8b465ee728b)
Start importing Assets/ExampleAssets using Guid(990f5c2df70993f4987a388ca178996a) Importer(815301076,1909f56bfc062723c751e8b465ee728b)  -> (artifact id: 'd5ac45704b3e904ca5b19a6457cc79ac') in 0.020799 seconds 
  Import took 0.031438 seconds .

========================================================================
Received Import Request.
  Time since last request: 50.517256 seconds.
  path: Packages/com.unity.2d.sprite
  artifactKey: Guid(0901a6b758d060e9422c4f8d588d5895) Importer(815301076,1909f56bfc062723c751e8b465ee728b)
Start importing Packages/com.unity.2d.sprite using Guid(0901a6b758d060e9422c4f8d588d5895) Importer(815301076,1909f56bfc062723c751e8b465ee728b)  -> (artifact id: '1ac9f0859ed1eccac4506b3b2480e9d0') in 0.022006 seconds 
  Import took 0.030914 seconds .

========================================================================
Received Import Request.
  Time since last request: 0.074280 seconds.
  path: Packages/com.unity.2d.sprite/package.json
  artifactKey: Guid(7dc5f1e5d04ac8549ac21802071e983b) Importer(815301076,1909f56bfc062723c751e8b465ee728b)
Start importing Packages/com.unity.2d.sprite/package.json using Guid(7dc5f1e5d04ac8549ac21802071e983b) Importer(815301076,1909f56bfc062723c751e8b465ee728b)  -> (artifact id: 'cc5084c4f0be475c857bc2610b98d3d6') in 0.019751 seconds 
  Import took 0.028325 seconds .

========================================================================
Received Import Request.
  Time since last request: 1.940583 seconds.
  path: Packages/com.unity.2d.sprite/README.md
  artifactKey: Guid(e31c136ab48c1194184380e435f3936d) Importer(815301076,1909f56bfc062723c751e8b465ee728b)
Start importing Packages/com.unity.2d.sprite/README.md using Guid(e31c136ab48c1194184380e435f3936d) Importer(815301076,1909f56bfc062723c751e8b465ee728b)  -> (artifact id: '75a295f95745367b242527ea0eab2c47') in 0.029288 seconds 
  Import took 0.042284 seconds .

========================================================================
Received Import Request.
  Time since last request: 4.744471 seconds.
  path: Packages/com.unity.2d.sprite/LICENSE.md
  artifactKey: Guid(20ef7441e2dc7954c9ba3a12ffbac4d9) Importer(815301076,1909f56bfc062723c751e8b465ee728b)
Start importing Packages/com.unity.2d.sprite/LICENSE.md using Guid(20ef7441e2dc7954c9ba3a12ffbac4d9) Importer(815301076,1909f56bfc062723c751e8b465ee728b)  -> (artifact id: '60546cc4f5501cfa2611d19cb3e9bfbf') in 0.023492 seconds 
  Import took 0.032744 seconds .

========================================================================
Received Import Request.
  Time since last request: 0.450530 seconds.
  path: Packages/com.unity.2d.sprite/CHANGELOG.md
  artifactKey: Guid(b7007d815829e7644bb81d1f8004a340) Importer(815301076,1909f56bfc062723c751e8b465ee728b)
Start importing Packages/com.unity.2d.sprite/CHANGELOG.md using Guid(b7007d815829e7644bb81d1f8004a340) Importer(815301076,1909f56bfc062723c751e8b465ee728b)  -> (artifact id: 'd40433100c032a66a19e1f4d33922fee') in 0.033163 seconds 
  Import took 0.047175 seconds .

========================================================================
Received Import Request.
  Time since last request: 0.397808 seconds.
  path: Packages/com.unity.2d.sprite/Tests
  artifactKey: Guid(7e2656e167a517b4d8552ba38f4b7bbe) Importer(815301076,1909f56bfc062723c751e8b465ee728b)
Start importing Packages/com.unity.2d.sprite/Tests using Guid(7e2656e167a517b4d8552ba38f4b7bbe) Importer(815301076,1909f56bfc062723c751e8b465ee728b)  -> (artifact id: 'e7c2fff4ccefa8c3c7b682e8bb96f3a8') in 0.023906 seconds 
  Import took 0.033810 seconds .

========================================================================
Received Import Request.
  Time since last request: 1.330925 seconds.
  path: Packages/com.unity.2d.sprite/Tests/Editor
  artifactKey: Guid(dcc63292bf8cfd543b11bfdebe99cd02) Importer(815301076,1909f56bfc062723c751e8b465ee728b)
Start importing Packages/com.unity.2d.sprite/Tests/Editor using Guid(dcc63292bf8cfd543b11bfdebe99cd02) Importer(815301076,1909f56bfc062723c751e8b465ee728b)  -> (artifact id: 'bdce329cdc59d43f83003380ed963547') in 0.017808 seconds 
  Import took 0.028031 seconds .

========================================================================
Received Import Request.
  Time since last request: 0.063282 seconds.
  path: Packages/com.unity.2d.sprite/Tests/Editor/Unity.2D.Sprite.Package.EditorTests.asmdef
  artifactKey: Guid(52648b72c7bef2040bf0cfa8dd0f74da) Importer(815301076,1909f56bfc062723c751e8b465ee728b)
Start importing Packages/com.unity.2d.sprite/Tests/Editor/Unity.2D.Sprite.Package.EditorTests.asmdef using Guid(52648b72c7bef2040bf0cfa8dd0f74da) Importer(815301076,1909f56bfc062723c751e8b465ee728b)  -> (artifact id: 'f7b6b6d56508a66025edd877d40dc5f8') in 0.024419 seconds 
  Import took 0.032996 seconds .

========================================================================
Received Import Request.
  Time since last request: 3.590807 seconds.
  path: Packages/com.unity.2d.sprite/Editor/Unity.2D.Sprite.Editor.asmdef
  artifactKey: Guid(2c573e6b271651846a79655161004c5b) Importer(815301076,1909f56bfc062723c751e8b465ee728b)
Start importing Packages/com.unity.2d.sprite/Editor/Unity.2D.Sprite.Editor.asmdef using Guid(2c573e6b271651846a79655161004c5b) Importer(815301076,1909f56bfc062723c751e8b465ee728b)  -> (artifact id: '75d9bb45d92a02f508ba32d52934c281') in 0.016901 seconds 
  Import took 0.028230 seconds .

========================================================================
Received Import Request.
  Time since last request: 3.111146 seconds.
  path: Packages/com.unity.2d.sprite/Editor
  artifactKey: Guid(16fa2ad734f422245b86558310973ad1) Importer(815301076,1909f56bfc062723c751e8b465ee728b)
Start importing Packages/com.unity.2d.sprite/Editor using Guid(16fa2ad734f422245b86558310973ad1) Importer(815301076,1909f56bfc062723c751e8b465ee728b)  -> (artifact id: '9729fdc7d07b271ef5be2d84a579c6a2') in 0.007146 seconds 
  Import took 0.019946 seconds .

========================================================================
Received Import Request.
  Time since last request: 0.001698 seconds.
  path: Packages/com.unity.2d.sprite/Editor
  artifactKey: Guid(16fa2ad734f422245b86558310973ad1) Importer(815301076,1909f56bfc062723c751e8b465ee728b)
Start importing Packages/com.unity.2d.sprite/Editor using Guid(16fa2ad734f422245b86558310973ad1) Importer(815301076,1909f56bfc062723c751e8b465ee728b)  -> (artifact id: '9729fdc7d07b271ef5be2d84a579c6a2') in 0.007241 seconds 
  Import took 0.016056 seconds .

========================================================================
Received Import Request.
  Time since last request: 4.162236 seconds.
  path: Packages/com.unity.2d.sprite/Editor/Interface
  artifactKey: Guid(b1c7f0c50b0c1d7458d2d0a50ebfefef) Importer(815301076,1909f56bfc062723c751e8b465ee728b)
Start importing Packages/com.unity.2d.sprite/Editor/Interface using Guid(b1c7f0c50b0c1d7458d2d0a50ebfefef) Importer(815301076,1909f56bfc062723c751e8b465ee728b)  -> (artifact id: '0bf76b77eb766c10f7a04241482ccb3f') in 0.024370 seconds 
  Import took 0.034123 seconds .

========================================================================
Received Import Request.
  Time since last request: 4.728371 seconds.
  path: Packages/com.unity.2d.animation/package.json
  artifactKey: Guid(9e83c20a8293f44ec8a375d3805f477d) Importer(815301076,1909f56bfc062723c751e8b465ee728b)
Start importing Packages/com.unity.2d.animation/package.json using Guid(9e83c20a8293f44ec8a375d3805f477d) Importer(815301076,1909f56bfc062723c751e8b465ee728b)  -> (artifact id: '7ac41e00500467cde52c5d5b11c611a9') in 0.005351 seconds 
  Import took 0.013667 seconds .

AssetImportWorkerClient::OnTransportError - code=2 error=End of file
