Using pre-set license

 COMMAND LINE ARGUMENTS:
/Applications/Unity/Unity.app/Contents/MacOS/Unity
-adb2
-batchMode
-noUpm
-name
AssetImportWorker0
-projectPath
/Users/nathanmarshall/Desktop/Game_ITC110/ITC_110_FinalProject/Castaways ITC110
-logFile
Logs/AssetImportWorker0.log
-srvPort
54650
Successfully changed project path to: /Users/nathanmarshall/Desktop/Game_ITC110/ITC_110_FinalProject/Castaways ITC110
/Users/nathanmarshall/Desktop/Game_ITC110/ITC_110_FinalProject/Castaways ITC110
Using Asset Import Pipeline V2.
Refreshing native plugins compatible for Editor in 161.68 ms, found 3 plugins.
Preloading 0 native plugins for Editor in 0.00 ms.
Initialize engine version: 2020.3.16f1 (049d6eca3c44)
[Subsystems] Discovering subsystems at path /Applications/Unity/Unity.app/Contents/Resources/UnitySubsystems
[Subsystems] Discovering subsystems at path /Users/nathanmarshall/Desktop/Game_ITC110/ITC_110_FinalProject/Castaways ITC110/Assets
GfxDevice: creating device client; threaded=0
2021-11-16 14:39:34.002 Unity[3077:98899] Color LCD preferred device: Intel(R) Iris(TM) Graphics 6000 (low power)
2021-11-16 14:39:34.002 Unity[3077:98899] Metal devices available: 1
2021-11-16 14:39:34.002 Unity[3077:98899] 0: Intel(R) Iris(TM) Graphics 6000 (low power)
2021-11-16 14:39:34.005 Unity[3077:98899] Using device Intel(R) Iris(TM) Graphics 6000 (low power)
Initializing Metal device caps: Intel(R) Iris(TM) Graphics 6000
Shader 'Universal Render Pipeline/Particles/Lit': fallback shader 'Universal Render Pipeline/Particles/SimpleLit' not found
Initialize mono
Mono path[0] = '/Applications/Unity/Unity.app/Contents/Managed'
Mono path[1] = '/Applications/Unity/Unity.app/Contents/MonoBleedingEdge/lib/mono/unityjit'
Mono config path = '/Applications/Unity/Unity.app/Contents/MonoBleedingEdge/etc'
Using monoOptions --debugger-agent=transport=dt_socket,embedding=1,server=y,suspend=n,address=127.0.0.1:56077
Begin MonoManager ReloadAssembly
Error scanning for extension ivy.xml files: System.UnauthorizedAccessException: Access to the path '/Applications/Unity/PlaybackEngines/WebGLSupport/BuildTools/Emscripten_Mac/node' is denied.
  at System.IO.__Error.WinIOError (System.Int32 errorCode, System.String maybeFullPath) [0x00129] in <695d1cc93cca45069c528c15c9fdd749>:0 
  at System.IO.FileSystemEnumerableIterator`1[TSource].HandleError (System.Int32 hr, System.String path) [0x00006] in <695d1cc93cca45069c528c15c9fdd749>:0 
  at System.IO.FileSystemEnumerableIterator`1[TSource].AddSearchableDirsToStack (System.IO.Directory+SearchData localSearchData) [0x00053] in <695d1cc93cca45069c528c15c9fdd749>:0 
  at System.IO.FileSystemEnumerableIterator`1[TSource].MoveNext () [0x0008e] in <695d1cc93cca45069c528c15c9fdd749>:0 
  at System.Collections.Generic.List`1[T]..ctor (System.Collections.Generic.IEnumerable`1[T] collection) [0x00077] in <695d1cc93cca45069c528c15c9fdd749>:0 
  at System.IO.Directory.InternalGetFileDirectoryNames (System.String path, System.String userPathOriginal, System.String searchPattern, System.Boolean includeFiles, System.Boolean includeDirs, System.IO.SearchOption searchOption, System.Boolean checkHost) [0x0000f] in <695d1cc93cca45069c528c15c9fdd749>:0 
  at System.IO.Directory.InternalGetFiles (System.String path, System.String searchPattern, System.IO.SearchOption searchOption) [0x00000] in <695d1cc93cca45069c528c15c9fdd749>:0 
  at System.IO.Directory.GetFiles (System.String path, System.String searchPattern, System.IO.SearchOption searchOption) [0x00038] in <695d1cc93cca45069c528c15c9fdd749>:0 
  at UnityEditor.Modules.ModuleManager.LoadLegacyExtensionsFromIvyFiles () [0x000a5] in /Users/bokken/buildslave/unity/build/Editor/Mono/Modules/ModuleManager.cs:253 
Registering precompiled unity dll's ...
Register platform support module: /Applications/Unity/PlaybackEngines/WebGLSupport/UnityEditor.WebGL.Extensions.dll
Register platform support module: /Applications/Unity/Unity.app/Contents/PlaybackEngines/MacStandaloneSupport/UnityEditor.OSXStandalone.Extensions.dll
Registered in 0.004470 seconds.
Native extension for OSXStandalone target not found
Native extension for WebGL target not found
Refreshing native plugins compatible for Editor in 155.27 ms, found 3 plugins.
Preloading 0 native plugins for Editor in 0.00 ms.
Mono: successfully reloaded assembly
- Completed reload, in  7.624 seconds
Domain Reload Profiling:
	ReloadAssembly (7624ms)
		BeginReloadAssembly (116ms)
			ExecutionOrderSort (0ms)
			DisableScriptedObjects (0ms)
			BackupInstance (0ms)
			ReleaseScriptingObjects (0ms)
			CreateAndSetChildDomain (3ms)
		EndReloadAssembly (1636ms)
			LoadAssemblies (119ms)
			RebuildTransferFunctionScriptingTraits (0ms)
			SetupTypeCache (675ms)
			ReleaseScriptCaches (0ms)
			RebuildScriptCaches (98ms)
			SetupLoadedEditorAssemblies (612ms)
				LogAssemblyErrors (0ms)
				InitializePlatformSupportModulesInManaged (32ms)
				SetLoadedEditorAssemblies (1ms)
				RefreshPlugins (155ms)
				BeforeProcessingInitializeOnLoad (22ms)
				ProcessInitializeOnLoadAttributes (340ms)
				ProcessInitializeOnLoadMethodAttributes (61ms)
				AfterProcessingInitializeOnLoad (0ms)
				EditorAssembliesLoaded (0ms)
			ExecutionOrderSort2 (0ms)
			AwakeInstancesAfterBackupRestoration (0ms)
Platform modules already initialized, skipping
Registering precompiled user dll's ...
Registered in 0.022993 seconds.
Begin MonoManager ReloadAssembly
Native extension for OSXStandalone target not found
Native extension for WebGL target not found
Refreshing native plugins compatible for Editor in 102.70 ms, found 3 plugins.
Preloading 0 native plugins for Editor in 0.00 ms.
Mono: successfully reloaded assembly
- Completed reload, in  3.451 seconds
Domain Reload Profiling:
	ReloadAssembly (3465ms)
		BeginReloadAssembly (426ms)
			ExecutionOrderSort (0ms)
			DisableScriptedObjects (16ms)
			BackupInstance (0ms)
			ReleaseScriptingObjects (0ms)
			CreateAndSetChildDomain (87ms)
		EndReloadAssembly (2894ms)
			LoadAssemblies (323ms)
			RebuildTransferFunctionScriptingTraits (0ms)
			SetupTypeCache (1119ms)
			ReleaseScriptCaches (1ms)
			RebuildScriptCaches (128ms)
			SetupLoadedEditorAssemblies (1058ms)
				LogAssemblyErrors (0ms)
				InitializePlatformSupportModulesInManaged (10ms)
				SetLoadedEditorAssemblies (0ms)
				RefreshPlugins (103ms)
				BeforeProcessingInitializeOnLoad (167ms)
				ProcessInitializeOnLoadAttributes (671ms)
				ProcessInitializeOnLoadMethodAttributes (104ms)
				AfterProcessingInitializeOnLoad (2ms)
				EditorAssembliesLoaded (0ms)
			ExecutionOrderSort2 (0ms)
			AwakeInstancesAfterBackupRestoration (11ms)
Platform modules already initialized, skipping
========================================================================
Worker process is ready to serve import requests
Shader 'Universal Render Pipeline/Particles/Lit': fallback shader 'Universal Render Pipeline/Particles/SimpleLit' not found
Launching external process: /Applications/Unity/Unity.app/Contents/Tools/UnityShaderCompiler
Launched and connected shader compiler UnityShaderCompiler after 0.04 seconds
Refreshing native plugins compatible for Editor in 1.32 ms, found 3 plugins.
Preloading 0 native plugins for Editor in 0.00 ms.
Unloading 3716 Unused Serialized files (Serialized files now loaded: 0)
System memory in use before: 243.9 MB.
System memory in use after: 244.1 MB.

Unloading 65 unused Assets to reduce memory usage. Loaded Objects now: 4121.
Total: 10.264088 ms (FindLiveObjects: 0.445985 ms CreateObjectMapping: 0.193189 ms MarkObjects: 9.475905 ms  DeleteObjects: 0.146712 ms)

AssetImportParameters requested are different than current active one (requested -> active):
  custom:video-decoder-ogg-theora: a1e56fd34408186e4bbccfd4996cb3dc -> 
  custom:container-muxer-webm: aa71ff27fc2769a1b78a27578f13a17b -> 
  custom:container-demuxer-webm: 4f35f7cbe854078d1ac9338744f61a02 -> 
  custom:container-demuxer-ogg: 62fdf1f143b41e24485cea50d1cbac27 -> 
  custom:video-encoder-webm-vp8: eb34c28f22e8b96e1ab97ce403110664 -> 
  custom:framework-osx-AVFoundation: b23960f63f64bdc6ff669e2cdcee2391 -> 
  custom:video-decoder-webm-vp8: 9c59270c3fd7afecdb556c50c9e8de78 -> 
  custom:audio-decoder-ogg-vorbis: bf7c407c2cedff20999df2af8eb42d56 -> 
  custom:audio-encoder-webm-vorbis: bf7c407c2cedff20999df2af8eb42d56 -> 
========================================================================
Received Import Request.
  path: Assets/CampFire/New Piskel (2) 1.png
  artifactKey: Guid(3fcceed52f16d458dab46f6ed302535e) Importer(815301076,1909f56bfc062723c751e8b465ee728b)
Start importing Assets/CampFire/New Piskel (2) 1.png using Guid(3fcceed52f16d458dab46f6ed302535e) Importer(815301076,1909f56bfc062723c751e8b465ee728b)  -> (artifact id: '04faf231d5853ec5d21863e80651f011') in 0.784630 seconds 
  Import took 0.799625 seconds .

========================================================================
Received Import Request.
  Time since last request: 19.990796 seconds.
  path: Assets/CampFire/New Piskel (2) 1.png
  artifactKey: Guid(3fcceed52f16d458dab46f6ed302535e) Importer(815301076,1909f56bfc062723c751e8b465ee728b)
Start importing Assets/CampFire/New Piskel (2) 1.png using Guid(3fcceed52f16d458dab46f6ed302535e) Importer(815301076,1909f56bfc062723c751e8b465ee728b)  -> (artifact id: 'b867dd00ae8a080df53c45712f041a7f') in 0.024589 seconds 
  Import took 0.041520 seconds .

========================================================================
Received Import Request.
  Time since last request: 118.423755 seconds.
  path: Assets/CampFire/New Piskel (2) 2.png
  artifactKey: Guid(ae059f8c023d845ac944d0bad1e11652) Importer(815301076,1909f56bfc062723c751e8b465ee728b)
Start importing Assets/CampFire/New Piskel (2) 2.png using Guid(ae059f8c023d845ac944d0bad1e11652) Importer(815301076,1909f56bfc062723c751e8b465ee728b)  -> (artifact id: '747bae8dbbd1ef8d5a91ec40bd53fc9f') in 0.028457 seconds 
  Import took 0.043150 seconds .

========================================================================
Received Import Request.
  Time since last request: 45.587395 seconds.
  path: Assets/CampFire/New Piskel (2) 2.png
  artifactKey: Guid(ae059f8c023d845ac944d0bad1e11652) Importer(815301076,1909f56bfc062723c751e8b465ee728b)
Start importing Assets/CampFire/New Piskel (2) 2.png using Guid(ae059f8c023d845ac944d0bad1e11652) Importer(815301076,1909f56bfc062723c751e8b465ee728b)  -> (artifact id: '38385009d4d31bc660b3bbed23f60cd1') in 0.022095 seconds 
  Import took 0.038665 seconds .

========================================================================
Received Import Request.
  Time since last request: 4.842951 seconds.
  path: Assets/CampFire
  artifactKey: Guid(08c90cc413687124da6a5c935783f8e4) Importer(815301076,1909f56bfc062723c751e8b465ee728b)
Start importing Assets/CampFire using Guid(08c90cc413687124da6a5c935783f8e4) Importer(815301076,1909f56bfc062723c751e8b465ee728b)  -> (artifact id: 'a89ec157fd455991b2bbfa7d3c1878c7') in 0.005413 seconds 
  Import took 0.025307 seconds .

